This is pdfTeX, Version 3.141592653-2.6-1.40.26 (TeX Live 2024) (preloaded format=pdflatex 2025.1.16)  24 JAN 2025 08:11
entering extended mode
 restricted \write18 enabled.
 %&-line parsing enabled.
**README.tex
(./README.tex
LaTeX2e <2024-11-01> patch level 1
L3 programming layer <2024-12-25>
(/home/rj411/.TinyTeX/texmf-dist/tex/latex/base/article.cls
Document Class: article 2024/06/29 v1.4n Standard LaTeX document class
(/home/rj411/.TinyTeX/texmf-dist/tex/latex/base/size10.clo
File: size10.clo 2024/06/29 v1.4n Standard LaTeX file (size option)
)
\c@part=\count196
\c@section=\count197
\c@subsection=\count198
\c@subsubsection=\count199
\c@paragraph=\count266
\c@subparagraph=\count267
\c@figure=\count268
\c@table=\count269
\abovecaptionskip=\skip49
\belowcaptionskip=\skip50
\bibindent=\dimen141
) (/home/rj411/.TinyTeX/texmf-dist/tex/latex/amsmath/amsmath.sty
Package: amsmath 2024/11/05 v2.17t AMS math features
\@mathmargin=\skip51
For additional information on amsmath, use the `?' option.
(/home/rj411/.TinyTeX/texmf-dist/tex/latex/amsmath/amstext.sty
Package: amstext 2021/08/26 v2.01 AMS text
(/home/rj411/.TinyTeX/texmf-dist/tex/latex/amsmath/amsgen.sty
File: amsgen.sty 1999/11/30 v2.0 generic functions
\@emptytoks=\toks17
\ex@=\dimen142
)) (/home/rj411/.TinyTeX/texmf-dist/tex/latex/amsmath/amsbsy.sty
Package: amsbsy 1999/11/29 v1.2d Bold Symbols
\pmbraise@=\dimen143
) (/home/rj411/.TinyTeX/texmf-dist/tex/latex/amsmath/amsopn.sty
Package: amsopn 2022/04/08 v2.04 operator names
)
\inf@bad=\count270
LaTeX Info: Redefining \frac on input line 233.
\uproot@=\count271
\leftroot@=\count272
LaTeX Info: Redefining \overline on input line 398.
LaTeX Info: Redefining \colon on input line 409.
\classnum@=\count273
\DOTSCASE@=\count274
LaTeX Info: Redefining \ldots on input line 495.
LaTeX Info: Redefining \dots on input line 498.
LaTeX Info: Redefining \cdots on input line 619.
\Mathstrutbox@=\box52
\strutbox@=\box53
LaTeX Info: Redefining \big on input line 721.
LaTeX Info: Redefining \Big on input line 722.
LaTeX Info: Redefining \bigg on input line 723.
LaTeX Info: Redefining \Bigg on input line 724.
\big@size=\dimen144
LaTeX Font Info:    Redeclaring font encoding OML on input line 742.
LaTeX Font Info:    Redeclaring font encoding OMS on input line 743.
\macc@depth=\count275
LaTeX Info: Redefining \bmod on input line 904.
LaTeX Info: Redefining \pmod on input line 909.
LaTeX Info: Redefining \smash on input line 939.
LaTeX Info: Redefining \relbar on input line 969.
LaTeX Info: Redefining \Relbar on input line 970.
\c@MaxMatrixCols=\count276
\dotsspace@=\muskip17
\c@parentequation=\count277
\dspbrk@lvl=\count278
\tag@help=\toks18
\row@=\count279
\column@=\count280
\maxfields@=\count281
\andhelp@=\toks19
\eqnshift@=\dimen145
\alignsep@=\dimen146
\tagshift@=\dimen147
\tagwidth@=\dimen148
\totwidth@=\dimen149
\lineht@=\dimen150
\@envbody=\toks20
\multlinegap=\skip52
\multlinetaggap=\skip53
\mathdisplay@stack=\toks21
LaTeX Info: Redefining \[ on input line 2953.
LaTeX Info: Redefining \] on input line 2954.
) (/home/rj411/.TinyTeX/texmf-dist/tex/latex/amsfonts/amssymb.sty
Package: amssymb 2013/01/14 v3.01 AMS font symbols
(/home/rj411/.TinyTeX/texmf-dist/tex/latex/amsfonts/amsfonts.sty
Package: amsfonts 2013/01/14 v3.01 Basic AMSFonts support
\symAMSa=\mathgroup4
\symAMSb=\mathgroup5
LaTeX Font Info:    Redeclaring math symbol \hbar on input line 98.
LaTeX Font Info:    Overwriting math alphabet `\mathfrak' in version `bold'
(Font)                  U/euf/m/n --> U/euf/b/n on input line 106.
)) (/home/rj411/.TinyTeX/texmf-dist/tex/generic/iftex/iftex.sty
Package: iftex 2024/12/12 v1.0g TeX engine tests
) (/home/rj411/.TinyTeX/texmf-dist/tex/latex/base/fontenc.sty
Package: fontenc 2021/04/29 v2.0v Standard LaTeX package
) (/home/rj411/.TinyTeX/texmf-dist/tex/latex/base/inputenc.sty
Package: inputenc 2024/02/08 v1.3d Input encoding file
\inpenc@prehook=\toks22
\inpenc@posthook=\toks23
) (/home/rj411/.TinyTeX/texmf-dist/tex/latex/base/textcomp.sty
Package: textcomp 2024/04/24 v2.1b Standard LaTeX package
) (/home/rj411/.TinyTeX/texmf-dist/tex/latex/lm/lmodern.sty
Package: lmodern 2015/05/01 v1.6.1 Latin Modern Fonts
LaTeX Font Info:    Overwriting symbol font `operators' in version `normal'
(Font)                  OT1/cmr/m/n --> OT1/lmr/m/n on input line 22.
LaTeX Font Info:    Overwriting symbol font `letters' in version `normal'
(Font)                  OML/cmm/m/it --> OML/lmm/m/it on input line 23.
LaTeX Font Info:    Overwriting symbol font `symbols' in version `normal'
(Font)                  OMS/cmsy/m/n --> OMS/lmsy/m/n on input line 24.
LaTeX Font Info:    Overwriting symbol font `largesymbols' in version `normal'
(Font)                  OMX/cmex/m/n --> OMX/lmex/m/n on input line 25.
LaTeX Font Info:    Overwriting symbol font `operators' in version `bold'
(Font)                  OT1/cmr/bx/n --> OT1/lmr/bx/n on input line 26.
LaTeX Font Info:    Overwriting symbol font `letters' in version `bold'
(Font)                  OML/cmm/b/it --> OML/lmm/b/it on input line 27.
LaTeX Font Info:    Overwriting symbol font `symbols' in version `bold'
(Font)                  OMS/cmsy/b/n --> OMS/lmsy/b/n on input line 28.
LaTeX Font Info:    Overwriting symbol font `largesymbols' in version `bold'
(Font)                  OMX/cmex/m/n --> OMX/lmex/m/n on input line 29.
LaTeX Font Info:    Overwriting math alphabet `\mathbf' in version `normal'
(Font)                  OT1/cmr/bx/n --> OT1/lmr/bx/n on input line 31.
LaTeX Font Info:    Overwriting math alphabet `\mathsf' in version `normal'
(Font)                  OT1/cmss/m/n --> OT1/lmss/m/n on input line 32.
LaTeX Font Info:    Overwriting math alphabet `\mathit' in version `normal'
(Font)                  OT1/cmr/m/it --> OT1/lmr/m/it on input line 33.
LaTeX Font Info:    Overwriting math alphabet `\mathtt' in version `normal'
(Font)                  OT1/cmtt/m/n --> OT1/lmtt/m/n on input line 34.
LaTeX Font Info:    Overwriting math alphabet `\mathbf' in version `bold'
(Font)                  OT1/cmr/bx/n --> OT1/lmr/bx/n on input line 35.
LaTeX Font Info:    Overwriting math alphabet `\mathsf' in version `bold'
(Font)                  OT1/cmss/bx/n --> OT1/lmss/bx/n on input line 36.
LaTeX Font Info:    Overwriting math alphabet `\mathit' in version `bold'
(Font)                  OT1/cmr/bx/it --> OT1/lmr/bx/it on input line 37.
LaTeX Font Info:    Overwriting math alphabet `\mathtt' in version `bold'
(Font)                  OT1/cmtt/m/n --> OT1/lmtt/m/n on input line 38.
) (/home/rj411/.TinyTeX/texmf-dist/tex/latex/xcolor/xcolor.sty
Package: xcolor 2024/09/29 v3.02 LaTeX color extensions (UK)
(/home/rj411/.TinyTeX/texmf-dist/tex/latex/graphics-cfg/color.cfg
File: color.cfg 2016/01/02 v1.6 sample color configuration
)
Package xcolor Info: Driver file: pdftex.def on input line 274.
(/home/rj411/.TinyTeX/texmf-dist/tex/latex/graphics-def/pdftex.def
File: pdftex.def 2024/04/13 v1.2c Graphics/color driver for pdftex
) (/home/rj411/.TinyTeX/texmf-dist/tex/latex/graphics/mathcolor.ltx)
Package xcolor Info: Model `cmy' substituted by `cmy0' on input line 1349.
Package xcolor Info: Model `hsb' substituted by `rgb' on input line 1353.
Package xcolor Info: Model `RGB' extended on input line 1365.
Package xcolor Info: Model `HTML' substituted by `rgb' on input line 1367.
Package xcolor Info: Model `Hsb' substituted by `hsb' on input line 1368.
Package xcolor Info: Model `tHsb' substituted by `hsb' on input line 1369.
Package xcolor Info: Model `HSB' substituted by `hsb' on input line 1370.
Package xcolor Info: Model `Gray' substituted by `gray' on input line 1371.
Package xcolor Info: Model `wave' substituted by `hsb' on input line 1372.
) (/home/rj411/.TinyTeX/texmf-dist/tex/latex/geometry/geometry.sty
Package: geometry 2020/01/02 v5.9 Page Geometry
(/home/rj411/.TinyTeX/texmf-dist/tex/latex/graphics/keyval.sty
Package: keyval 2022/05/29 v1.15 key=value parser (DPC)
\KV@toks@=\toks24
) (/home/rj411/.TinyTeX/texmf-dist/tex/generic/iftex/ifvtex.sty
Package: ifvtex 2019/10/25 v1.7 ifvtex legacy package. Use iftex instead.
)
\Gm@cnth=\count282
\Gm@cntv=\count283
\c@Gm@tempcnt=\count284
\Gm@bindingoffset=\dimen151
\Gm@wd@mp=\dimen152
\Gm@odd@mp=\dimen153
\Gm@even@mp=\dimen154
\Gm@layoutwidth=\dimen155
\Gm@layoutheight=\dimen156
\Gm@layouthoffset=\dimen157
\Gm@layoutvoffset=\dimen158
\Gm@dimlist=\toks25
) (/home/rj411/.TinyTeX/texmf-dist/tex/latex/fancyvrb/fancyvrb.sty
Package: fancyvrb 2024/01/20 4.5c verbatim text (tvz,hv)
\FV@CodeLineNo=\count285
\FV@InFile=\read2
\FV@TabBox=\box54
\c@FancyVerbLine=\count286
\FV@StepNumber=\count287
\FV@OutFile=\write3
) (/home/rj411/.TinyTeX/texmf-dist/tex/latex/framed/framed.sty
Package: framed 2011/10/22 v 0.96: framed or shaded text with page breaks
\OuterFrameSep=\skip54
\fb@frw=\dimen159
\fb@frh=\dimen160
\FrameRule=\dimen161
\FrameSep=\dimen162
) (/home/rj411/.TinyTeX/texmf-dist/tex/latex/tools/longtable.sty
Package: longtable 2024-10-27 v4.22 Multi-page Table package (DPC)
\LTleft=\skip55
\LTright=\skip56
\LTpre=\skip57
\LTpost=\skip58
\LTchunksize=\count288
\LTcapwidth=\dimen163
\LT@head=\box55
\LT@firsthead=\box56
\LT@foot=\box57
\LT@lastfoot=\box58
\LT@gbox=\box59
\LT@cols=\count289
\LT@rows=\count290
\c@LT@tables=\count291
\c@LT@chunks=\count292
\LT@p@ftn=\toks26
) (/home/rj411/.TinyTeX/texmf-dist/tex/latex/booktabs/booktabs.sty
Package: booktabs 2020/01/12 v1.61803398 Publication quality tables
\heavyrulewidth=\dimen164
\lightrulewidth=\dimen165
\cmidrulewidth=\dimen166
\belowrulesep=\dimen167
\belowbottomsep=\dimen168
\aboverulesep=\dimen169
\abovetopsep=\dimen170
\cmidrulesep=\dimen171
\cmidrulekern=\dimen172
\defaultaddspace=\dimen173
\@cmidla=\count293
\@cmidlb=\count294
\@aboverulesep=\dimen174
\@belowrulesep=\dimen175
\@thisruleclass=\count295
\@lastruleclass=\count296
\@thisrulewidth=\dimen176
) (/home/rj411/.TinyTeX/texmf-dist/tex/latex/tools/array.sty
Package: array 2024/10/17 v2.6g Tabular extension package (FMi)
\col@sep=\dimen177
\ar@mcellbox=\box60
\extrarowheight=\dimen178
\NC@list=\toks27
\extratabsurround=\skip59
\backup@length=\skip60
\ar@cellbox=\box61
) (/home/rj411/.TinyTeX/texmf-dist/tex/latex/tools/calc.sty
Package: calc 2023/07/08 v4.3 Infix arithmetic (KKT,FJ)
\calc@Acount=\count297
\calc@Bcount=\count298
\calc@Adimen=\dimen179
\calc@Bdimen=\dimen180
\calc@Askip=\skip61
\calc@Bskip=\skip62
LaTeX Info: Redefining \setlength on input line 80.
LaTeX Info: Redefining \addtolength on input line 81.
\calc@Ccount=\count299
\calc@Cskip=\skip63
) (/home/rj411/.TinyTeX/texmf-dist/tex/latex/etoolbox/etoolbox.sty
Package: etoolbox 2020/10/05 v2.5k e-TeX tools for LaTeX (JAW)
\etb@tempcnta=\count300
) (/home/rj411/.TinyTeX/texmf-dist/tex/latex/mdwtools/footnote.sty
Package: footnote 1997/01/28 1.13 Save footnotes around boxes
\fn@notes=\box62
\fn@width=\dimen181
) (/home/rj411/.TinyTeX/texmf-dist/tex/latex/graphics/graphicx.sty
Package: graphicx 2021/09/16 v1.2d Enhanced LaTeX Graphics (DPC,SPQR)
(/home/rj411/.TinyTeX/texmf-dist/tex/latex/graphics/graphics.sty
Package: graphics 2024/08/06 v1.4g Standard LaTeX Graphics (DPC,SPQR)
(/home/rj411/.TinyTeX/texmf-dist/tex/latex/graphics/trig.sty
Package: trig 2023/12/02 v1.11 sin cos tan (DPC)
) (/home/rj411/.TinyTeX/texmf-dist/tex/latex/graphics-cfg/graphics.cfg
File: graphics.cfg 2016/06/04 v1.11 sample graphics configuration
)
Package graphics Info: Driver file: pdftex.def on input line 106.
)
\Gin@req@height=\dimen182
\Gin@req@width=\dimen183
) (/home/rj411/.TinyTeX/texmf-dist/tex/latex/caption/caption.sty
Package: caption 2023/08/05 v3.6o Customizing captions (AR)
(/home/rj411/.TinyTeX/texmf-dist/tex/latex/caption/caption3.sty
Package: caption3 2023/07/31 v2.4d caption3 kernel (AR)
\caption@tempdima=\dimen184
\captionmargin=\dimen185
\caption@leftmargin=\dimen186
\caption@rightmargin=\dimen187
\caption@width=\dimen188
\caption@indent=\dimen189
\caption@parindent=\dimen190
\caption@hangindent=\dimen191
Package caption Info: Standard document class detected.
)
\c@caption@flags=\count301
\c@continuedfloat=\count302
Package caption Info: longtable package is loaded.
(/home/rj411/.TinyTeX/texmf-dist/tex/latex/caption/ltcaption.sty
Package: ltcaption 2021/01/08 v1.4c longtable captions (AR)
)) (/home/rj411/.TinyTeX/texmf-dist/tex/latex/natbib/natbib.sty
Package: natbib 2010/09/13 8.31b (PWD, AO)
\bibhang=\skip64
\bibsep=\skip65
LaTeX Info: Redefining \cite on input line 694.
\c@NAT@ctr=\count303
)
\c@figno=\count304
(/home/rj411/.TinyTeX/texmf-dist/tex/latex/float/float.sty
Package: float 2001/11/08 v1.3d Float enhancements (AL)
\c@float@type=\count305
\float@exts=\toks28
\float@box=\box63
\@float@everytoks=\toks29
\@floatcapt=\box64
) (/home/rj411/.TinyTeX/texmf-dist/tex/latex/multirow/multirow.sty
Package: multirow 2024/11/12 v2.9 Span multiple rows of a table
\multirow@colwidth=\skip66
\multirow@cntb=\count306
\multirow@dima=\skip67
\bigstrutjot=\dimen192
) (/home/rj411/.TinyTeX/texmf-dist/tex/latex/wrapfig/wrapfig.sty
\wrapoverhang=\dimen193
\WF@size=\dimen194
\c@WF@wrappedlines=\count307
\WF@box=\box65
\WF@everypar=\toks30
Package: wrapfig 2003/01/31  v 3.6
) (/home/rj411/.TinyTeX/texmf-dist/tex/latex/colortbl/colortbl.sty
Package: colortbl 2024/07/06 v1.0i Color table columns (DPC)
\everycr=\toks31
\minrowclearance=\skip68
\rownum=\count308
) (/home/rj411/.TinyTeX/texmf-dist/tex/latex/pdflscape/pdflscape.sty
Package: pdflscape 2022-10-27 v0.13 Display of landscape pages in PDF
(/home/rj411/.TinyTeX/texmf-dist/tex/latex/pdflscape/pdflscape-nometadata.sty
Package: pdflscape-nometadata 2022-10-28 v0.13 Display of landscape pages in PDF (HO)
(/home/rj411/.TinyTeX/texmf-dist/tex/latex/graphics/lscape.sty
Package: lscape 2020/05/28 v3.02 Landscape Pages (DPC)
)
Package pdflscape Info: Auto-detected driver: pdftex on input line 81.
)) (/home/rj411/.TinyTeX/texmf-dist/tex/latex/tabu/tabu.sty
Package: tabu 2019/01/11 v2.9 - flexible LaTeX tabulars (FC+tabu-fixed)
(/home/rj411/.TinyTeX/texmf-dist/tex/latex/varwidth/varwidth.sty
Package: varwidth 2009/03/30 ver 0.92;  Variable-width minipages
\@vwid@box=\box66
\sift@deathcycles=\count309
\@vwid@loff=\dimen195
\@vwid@roff=\dimen196
)
\c@taburow=\count310
\tabu@nbcols=\count311
\tabu@cnt=\count312
\tabu@Xcol=\count313
\tabu@alloc=\count314
\tabu@nested=\count315
\tabu@target=\dimen197
\tabu@spreadtarget=\dimen198
\tabu@naturalX=\dimen199
\tabucolX=\dimen256
\tabu@Xsum=\dimen257
\extrarowdepth=\dimen258
\abovetabulinesep=\dimen259
\belowtabulinesep=\dimen260
\tabustrutrule=\dimen261
\tabu@thebody=\toks32
\tabu@footnotes=\toks33
\tabu@box=\box67
\tabu@arstrutbox=\box68
\tabu@hleads=\box69
\tabu@vleads=\box70
\tabu@cellskip=\skip69
) (/home/rj411/.TinyTeX/texmf-dist/tex/latex/threeparttable/threeparttable.sty
Package: threeparttable 2003/06/13  v 3.0
\@tempboxb=\box71
) (/home/rj411/.TinyTeX/texmf-dist/tex/latex/threeparttablex/threeparttablex.sty
Package: threeparttablex 2013/07/23 v0.3 by daleif
(/home/rj411/.TinyTeX/texmf-dist/tex/latex/environ/environ.sty
Package: environ 2014/05/04 v0.3 A new way to define environments
(/home/rj411/.TinyTeX/texmf-dist/tex/latex/trimspaces/trimspaces.sty
Package: trimspaces 2009/09/17 v1.1 Trim spaces around a token list
))
\TPTL@width=\skip70
) (/home/rj411/.TinyTeX/texmf-dist/tex/generic/ulem/ulem.sty
\UL@box=\box72
\UL@hyphenbox=\box73
\UL@skip=\skip71
\UL@hook=\toks34
\UL@height=\dimen262
\UL@pe=\count316
\UL@pixel=\dimen263
\ULC@box=\box74
Package: ulem 2019/11/18
\ULdepth=\dimen264
) (/home/rj411/.TinyTeX/texmf-dist/tex/latex/makecell/makecell.sty
Package: makecell 2009/08/03 V0.1e Managing of Tab Column Heads and Cells
\rotheadsize=\dimen265
\c@nlinenum=\count317
\TeXr@lab=\toks35
) (/home/rj411/.TinyTeX/texmf-dist/tex/latex/bookmark/bookmark.sty
Package: bookmark 2023-12-10 v1.31 PDF bookmarks (HO)
(/home/rj411/.TinyTeX/texmf-dist/tex/latex/hyperref/hyperref.sty
Package: hyperref 2024-11-05 v7.01l Hypertext links for LaTeX
(/home/rj411/.TinyTeX/texmf-dist/tex/latex/kvsetkeys/kvsetkeys.sty
Package: kvsetkeys 2022-10-05 v1.19 Key value parser (HO)
) (/home/rj411/.TinyTeX/texmf-dist/tex/generic/kvdefinekeys/kvdefinekeys.sty
Package: kvdefinekeys 2019-12-19 v1.6 Define keys (HO)
) (/home/rj411/.TinyTeX/texmf-dist/tex/generic/pdfescape/pdfescape.sty
Package: pdfescape 2019/12/09 v1.15 Implements pdfTeX's escape features (HO)
(/home/rj411/.TinyTeX/texmf-dist/tex/generic/ltxcmds/ltxcmds.sty
Package: ltxcmds 2023-12-04 v1.26 LaTeX kernel commands for general use (HO)
) (/home/rj411/.TinyTeX/texmf-dist/tex/generic/pdftexcmds/pdftexcmds.sty
Package: pdftexcmds 2020-06-27 v0.33 Utility functions of pdfTeX for LuaTeX (HO)
(/home/rj411/.TinyTeX/texmf-dist/tex/generic/infwarerr/infwarerr.sty
Package: infwarerr 2019/12/03 v1.5 Providing info/warning/error messages (HO)
)
Package pdftexcmds Info: \pdf@primitive is available.
Package pdftexcmds Info: \pdf@ifprimitive is available.
Package pdftexcmds Info: \pdfdraftmode found.
)) (/home/rj411/.TinyTeX/texmf-dist/tex/latex/hycolor/hycolor.sty
Package: hycolor 2020-01-27 v1.10 Color options for hyperref/bookmark (HO)
) (/home/rj411/.TinyTeX/texmf-dist/tex/latex/hyperref/nameref.sty
Package: nameref 2023-11-26 v2.56 Cross-referencing by name of section
(/home/rj411/.TinyTeX/texmf-dist/tex/latex/refcount/refcount.sty
Package: refcount 2019/12/15 v3.6 Data extraction from label references (HO)
) (/home/rj411/.TinyTeX/texmf-dist/tex/generic/gettitlestring/gettitlestring.sty
Package: gettitlestring 2019/12/15 v1.6 Cleanup title references (HO)
(/home/rj411/.TinyTeX/texmf-dist/tex/latex/kvoptions/kvoptions.sty
Package: kvoptions 2022-06-15 v3.15 Key value format for package options (HO)
))
\c@section@level=\count318
) (/home/rj411/.TinyTeX/texmf-dist/tex/generic/stringenc/stringenc.sty
Package: stringenc 2019/11/29 v1.12 Convert strings between diff. encodings (HO)
)
\@linkdim=\dimen266
\Hy@linkcounter=\count319
\Hy@pagecounter=\count320
(/home/rj411/.TinyTeX/texmf-dist/tex/latex/hyperref/pd1enc.def
File: pd1enc.def 2024-11-05 v7.01l Hyperref: PDFDocEncoding definition (HO)
Now handling font encoding PD1 ...
... no UTF-8 mapping file for font encoding PD1
) (/home/rj411/.TinyTeX/texmf-dist/tex/generic/intcalc/intcalc.sty
Package: intcalc 2019/12/15 v1.3 Expandable calculations with integers (HO)
)
\Hy@SavedSpaceFactor=\count321
(/home/rj411/.TinyTeX/texmf-dist/tex/latex/hyperref/puenc.def
File: puenc.def 2024-11-05 v7.01l Hyperref: PDF Unicode definition (HO)
Now handling font encoding PU ...
... no UTF-8 mapping file for font encoding PU
)
Package hyperref Info: Option `unicode' set `true' on input line 4040.
Package hyperref Info: Hyper figures OFF on input line 4157.
Package hyperref Info: Link nesting OFF on input line 4162.
Package hyperref Info: Hyper index ON on input line 4165.
Package hyperref Info: Plain pages OFF on input line 4172.
Package hyperref Info: Backreferencing OFF on input line 4177.
Package hyperref Info: Implicit mode ON; LaTeX internals redefined.
Package hyperref Info: Bookmarks ON on input line 4424.
\c@Hy@tempcnt=\count322
(/home/rj411/.TinyTeX/texmf-dist/tex/latex/url/url.sty
\Urlmuskip=\muskip18
Package: url 2013/09/16  ver 3.4  Verb mode for urls, etc.
)
LaTeX Info: Redefining \url on input line 4763.
\XeTeXLinkMargin=\dimen267
(/home/rj411/.TinyTeX/texmf-dist/tex/generic/bitset/bitset.sty
Package: bitset 2019/12/09 v1.3 Handle bit-vector datatype (HO)
(/home/rj411/.TinyTeX/texmf-dist/tex/generic/bigintcalc/bigintcalc.sty
Package: bigintcalc 2019/12/15 v1.5 Expandable calculations on big integers (HO)
))
\Fld@menulength=\count323
\Field@Width=\dimen268
\Fld@charsize=\dimen269
Package hyperref Info: Hyper figures OFF on input line 6042.
Package hyperref Info: Link nesting OFF on input line 6047.
Package hyperref Info: Hyper index ON on input line 6050.
Package hyperref Info: backreferencing OFF on input line 6057.
Package hyperref Info: Link coloring OFF on input line 6062.
Package hyperref Info: Link coloring with OCG OFF on input line 6067.
Package hyperref Info: PDF/A mode OFF on input line 6072.
(/home/rj411/.TinyTeX/texmf-dist/tex/latex/base/atbegshi-ltx.sty
Package: atbegshi-ltx 2021/01/10 v1.0c Emulation of the original atbegshi
package with kernel methods
)
\Hy@abspage=\count324
\c@Item=\count325
\c@Hfootnote=\count326
)
Package hyperref Info: Driver (autodetected): hpdftex.
(/home/rj411/.TinyTeX/texmf-dist/tex/latex/hyperref/hpdftex.def
File: hpdftex.def 2024-11-05 v7.01l Hyperref driver for pdfTeX
(/home/rj411/.TinyTeX/texmf-dist/tex/latex/base/atveryend-ltx.sty
Package: atveryend-ltx 2020/08/19 v1.0a Emulation of the original atveryend package
with kernel methods
)
\Fld@listcount=\count327
\c@bookmark@seq@number=\count328
(/home/rj411/.TinyTeX/texmf-dist/tex/latex/rerunfilecheck/rerunfilecheck.sty
Package: rerunfilecheck 2022-07-10 v1.10 Rerun checks for auxiliary files (HO)
(/home/rj411/.TinyTeX/texmf-dist/tex/generic/uniquecounter/uniquecounter.sty
Package: uniquecounter 2019/12/15 v1.4 Provide unlimited unique counter (HO)
)
Package uniquecounter Info: New unique counter `rerunfilecheck' on input line 285.
)
\Hy@SectionHShift=\skip72
) (/home/rj411/.TinyTeX/texmf-dist/tex/latex/bookmark/bkm-pdftex.def
File: bkm-pdftex.def 2023-12-10 v1.31 bookmark driver for pdfTeX and luaTeX (HO)
\BKM@id=\count329
))
LaTeX Font Info:    Trying to load font information for T1+lmr on input line 164.
(/home/rj411/.TinyTeX/texmf-dist/tex/latex/lm/t1lmr.fd
File: t1lmr.fd 2015/05/01 v1.6.1 Font defs for Latin Modern
) (/home/rj411/.TinyTeX/texmf-dist/tex/latex/l3backend/l3backend-pdftex.def
File: l3backend-pdftex.def 2024-05-08 L3 backend support: PDF output (pdfTeX)
\l__color_backend_stack_int=\count330
\l__pdf_internal_box=\box75
) (./README.aux

LaTeX Warning: Label `tab:agedist' multiply defined.

)
\openout1 = `README.aux'.

LaTeX Font Info:    Checking defaults for OML/cmm/m/it on input line 164.
LaTeX Font Info:    ... okay on input line 164.
LaTeX Font Info:    Checking defaults for OMS/cmsy/m/n on input line 164.
LaTeX Font Info:    ... okay on input line 164.
LaTeX Font Info:    Checking defaults for OT1/cmr/m/n on input line 164.
LaTeX Font Info:    ... okay on input line 164.
LaTeX Font Info:    Checking defaults for T1/cmr/m/n on input line 164.
LaTeX Font Info:    ... okay on input line 164.
LaTeX Font Info:    Checking defaults for TS1/cmr/m/n on input line 164.
LaTeX Font Info:    ... okay on input line 164.
LaTeX Font Info:    Checking defaults for OMX/cmex/m/n on input line 164.
LaTeX Font Info:    ... okay on input line 164.
LaTeX Font Info:    Checking defaults for U/cmr/m/n on input line 164.
LaTeX Font Info:    ... okay on input line 164.
LaTeX Font Info:    Checking defaults for PD1/pdf/m/n on input line 164.
LaTeX Font Info:    ... okay on input line 164.
LaTeX Font Info:    Checking defaults for PU/pdf/m/n on input line 164.
LaTeX Font Info:    ... okay on input line 164.
(/home/rj411/.TinyTeX/texmf-dist/tex/latex/epstopdf-pkg/epstopdf-base.sty
Package: epstopdf-base 2020-01-24 v2.11 Base part for package epstopdf
Package epstopdf-base Info: Redefining graphics rule for `.eps' on input line 485.
(/home/rj411/.TinyTeX/texmf-dist/tex/latex/latexconfig/epstopdf-sys.cfg
File: epstopdf-sys.cfg 2010/07/13 v1.3 Configuration of (r)epstopdf for TeX Live
))
*geometry* driver: auto-detecting
*geometry* detected driver: pdftex
*geometry* verbose mode - [ preamble ] result:
* driver: pdftex
* paper: <default>
* layout: <same size as paper>
* layoutoffset:(h,v)=(0.0pt,0.0pt)
* modes: 
* h-part:(L,W,R)=(72.26999pt, 469.75502pt, 72.26999pt)
* v-part:(T,H,B)=(72.26999pt, 650.43001pt, 72.26999pt)
* \paperwidth=614.295pt
* \paperheight=794.96999pt
* \textwidth=469.75502pt
* \textheight=650.43001pt
* \oddsidemargin=0.0pt
* \evensidemargin=0.0pt
* \topmargin=-37.0pt
* \headheight=12.0pt
* \headsep=25.0pt
* \topskip=10.0pt
* \footskip=30.0pt
* \marginparwidth=65.0pt
* \marginparsep=11.0pt
* \columnsep=10.0pt
* \skip\footins=9.0pt plus 4.0pt minus 2.0pt
* \hoffset=0.0pt
* \voffset=0.0pt
* \mag=1000
* \@twocolumnfalse
* \@twosidefalse
* \@mparswitchfalse
* \@reversemarginfalse
* (1in=72.27pt=25.4mm, 1cm=28.453pt)

Package caption Info: Begin \AtBeginDocument code.
Package caption Info: float package is loaded.
Package caption Info: hyperref package is loaded.
Package caption Info: threeparttable package is loaded.
Package caption Info: wrapfig package is loaded.
Package caption Info: End \AtBeginDocument code.
Package hyperref Info: Link coloring OFF on input line 164.
LaTeX Font Info:    Trying to load font information for OT1+lmr on input line 166.
(/home/rj411/.TinyTeX/texmf-dist/tex/latex/lm/ot1lmr.fd
File: ot1lmr.fd 2015/05/01 v1.6.1 Font defs for Latin Modern
)
LaTeX Font Info:    Trying to load font information for OML+lmm on input line 166.
(/home/rj411/.TinyTeX/texmf-dist/tex/latex/lm/omllmm.fd
File: omllmm.fd 2015/05/01 v1.6.1 Font defs for Latin Modern
)
LaTeX Font Info:    Trying to load font information for OMS+lmsy on input line 166.
(/home/rj411/.TinyTeX/texmf-dist/tex/latex/lm/omslmsy.fd
File: omslmsy.fd 2015/05/01 v1.6.1 Font defs for Latin Modern
)
LaTeX Font Info:    Trying to load font information for OMX+lmex on input line 166.
(/home/rj411/.TinyTeX/texmf-dist/tex/latex/lm/omxlmex.fd
File: omxlmex.fd 2015/05/01 v1.6.1 Font defs for Latin Modern
)
LaTeX Font Info:    External font `lmex10' loaded for size
(Font)              <12> on input line 166.
LaTeX Font Info:    External font `lmex10' loaded for size
(Font)              <8> on input line 166.
LaTeX Font Info:    External font `lmex10' loaded for size
(Font)              <6> on input line 166.
LaTeX Font Info:    Trying to load font information for U+msa on input line 166.
(/home/rj411/.TinyTeX/texmf-dist/tex/latex/amsfonts/umsa.fd
File: umsa.fd 2013/01/14 v3.01 AMS symbols A
)
LaTeX Font Info:    Trying to load font information for U+msb on input line 166.
(/home/rj411/.TinyTeX/texmf-dist/tex/latex/amsfonts/umsb.fd
File: umsb.fd 2013/01/14 v3.01 AMS symbols B
)
LaTeX Font Info:    Trying to load font information for TS1+lmr on input line 174.
(/home/rj411/.TinyTeX/texmf-dist/tex/latex/lm/ts1lmr.fd
File: ts1lmr.fd 2015/05/01 v1.6.1 Font defs for Latin Modern
)
LaTeX Font Info:    External font `lmex10' loaded for size
(Font)              <10> on input line 199.
LaTeX Font Info:    External font `lmex10' loaded for size
(Font)              <7> on input line 199.
LaTeX Font Info:    External font `lmex10' loaded for size
(Font)              <5> on input line 199.


[1

{/home/rj411/.TinyTeX/texmf-var/fonts/map/pdftex/updmap/pdftex.map}{/home/rj411/.TinyTeX/texmf-dist/fonts/enc/dvips/lm/lm-ec.enc}{/home/rj411/.TinyTeX/texmf-dist/fonts/enc/dvips/lm/lm-ts1.enc}{/home/rj411/.TinyTeX/texmf-dist/fonts/enc/dvips/lm/lm-rm.enc}{/home/rj411/.TinyTeX/texmf-dist/fonts/enc/dvips/lm/lm-mathit.enc}]
LaTeX Font Info:    Trying to load font information for T1+lmtt on input line 217.
(/home/rj411/.TinyTeX/texmf-dist/tex/latex/lm/t1lmtt.fd
File: t1lmtt.fd 2015/05/01 v1.6.1 Font defs for Latin Modern
)

[2{/home/rj411/.TinyTeX/texmf-dist/fonts/enc/dvips/lm/lm-mathex.enc}{/home/rj411/.TinyTeX/texmf-dist/fonts/enc/dvips/lm/lm-mathsy.enc}]
Overfull \hbox (0.11523pt too wide) in alignment at lines 301--320
 [] [] [] [] [] [] [] 
 []


Overfull \hbox (0.11523pt too wide) in alignment at lines 320--338
 [] [] [] [] [] [] [] 
 []


Overfull \hbox (0.11523pt too wide) in alignment at lines 338--340
 [] [] [] [] [] [] [] 
 []


Overfull \hbox (36.38393pt too wide) in paragraph at lines 341--341
[]|\T1/lmr/m/n/10 OECD/IHME/World 
 []


Overfull \hbox (28.35603pt too wide) in paragraph at lines 342--342
[]|\T1/lmr/m/n/10 Viscusi/Masterman|  
 []


Overfull \hbox (3.74432pt too wide) in paragraph at lines 342--342
[]|\T1/lmr/m/n/10 Uniform(0.85, 
 []


Overfull \hbox (3.74432pt too wide) in paragraph at lines 342--343
[]|\T1/lmr/m/n/10 Uniform(0.85, 
 []


Overfull \hbox (0.11523pt too wide) in alignment at lines 340--343
 [] [] [] [] [] [] [] 
 []



[3]
<README_files/figure-latex/pppelasticity-1.pdf, id=70, 469.755pt x 325.215pt>
File: README_files/figure-latex/pppelasticity-1.pdf Graphic file (type pdf)
<use README_files/figure-latex/pppelasticity-1.pdf>
Package pdftex.def Info: README_files/figure-latex/pppelasticity-1.pdf  used on input line 349.
(pdftex.def)             Requested size: 469.75386pt x 325.2142pt.


[4 <./README_files/figure-latex/pppelasticity-1.pdf>]

[5]
<README_files/figure-latex/statetransitions-1.pdf, id=102, 199.63684pt x 159.14355pt>
File: README_files/figure-latex/statetransitions-1.pdf Graphic file (type pdf)
<use README_files/figure-latex/statetransitions-1.pdf>
Package pdftex.def Info: README_files/figure-latex/statetransitions-1.pdf  used on input line 401.
(pdftex.def)             Requested size: 199.63937pt x 159.14557pt.


[6 <./README_files/figure-latex/statetransitions-1.pdf>]

[7]
<README_files/figure-latex/vaccinetransitions-1.png, id=176, 354.3639pt x 364.7226pt>
File: README_files/figure-latex/vaccinetransitions-1.png Graphic file (type png)
<use README_files/figure-latex/vaccinetransitions-1.png>
Package pdftex.def Info: README_files/figure-latex/vaccinetransitions-1.png  used on input line 515.
(pdftex.def)             Requested size: 354.36302pt x 364.7217pt.


[8]

[9 <./README_files/figure-latex/vaccinetransitions-1.png>]
LaTeX Font Info:    Trying to load font information for TS1+lmtt on input line 566.
(/home/rj411/.TinyTeX/texmf-dist/tex/latex/lm/ts1lmtt.fd
File: ts1lmtt.fd 2015/05/01 v1.6.1 Font defs for Latin Modern
)

[10]
<README_files/figure-gfm/workfrac.png, id=230, 433.62pt x 361.35pt>
File: README_files/figure-gfm/workfrac.png Graphic file (type png)
<use README_files/figure-gfm/workfrac.png>
Package pdftex.def Info: README_files/figure-gfm/workfrac.png  used on input line 607.
(pdftex.def)             Requested size: 234.87912pt x 195.7326pt.
<README_files/figure-gfm/allsector45.png, id=231, 1084.05pt x 650.43pt>
File: README_files/figure-gfm/allsector45.png Graphic file (type png)
<use README_files/figure-gfm/allsector45.png>
Package pdftex.def Info: README_files/figure-gfm/allsector45.png  used on input line 611.
(pdftex.def)             Requested size: 234.8692pt x 140.92151pt.
<README_files/figure-gfm/uksec_dist_age.png, id=232, 722.7pt x 722.7pt>
File: README_files/figure-gfm/uksec_dist_age.png Graphic file (type png)
<use README_files/figure-gfm/uksec_dist_age.png>
Package pdftex.def Info: README_files/figure-gfm/uksec_dist_age.png  used on input line 615.
(pdftex.def)             Requested size: 234.87471pt x 234.87471pt.
<README_files/figure-gfm/school1frac.png, id=233, 433.62pt x 361.35pt>
File: README_files/figure-gfm/school1frac.png Graphic file (type png)
<use README_files/figure-gfm/school1frac.png>
Package pdftex.def Info: README_files/figure-gfm/school1frac.png  used on input line 619.
(pdftex.def)             Requested size: 234.87912pt x 195.7326pt.
<README_files/figure-gfm/school2frac.png, id=234, 433.62pt x 361.35pt>
File: README_files/figure-gfm/school2frac.png Graphic file (type png)
<use README_files/figure-gfm/school2frac.png>
Package pdftex.def Info: README_files/figure-gfm/school2frac.png  used on input line 623.
(pdftex.def)             Requested size: 234.87912pt x 195.7326pt.
<README_files/figure-gfm/hospfrac.png, id=235, 433.62pt x 361.35pt>
File: README_files/figure-gfm/hospfrac.png Graphic file (type png)
<use README_files/figure-gfm/hospfrac.png>
Package pdftex.def Info: README_files/figure-gfm/hospfrac.png  used on input line 627.
(pdftex.def)             Requested size: 234.87912pt x 195.7326pt.
<README_files/figure-gfm/conagefrac.png, id=236, 505.89pt x 505.89pt>
File: README_files/figure-gfm/conagefrac.png Graphic file (type png)
<use README_files/figure-gfm/conagefrac.png>
Package pdftex.def Info: README_files/figure-gfm/conagefrac.png  used on input line 631.
(pdftex.def)             Requested size: 234.88132pt x 234.88132pt.


[11 <./README_files/figure-gfm/workfrac.png> <./README_files/figure-gfm/allsector45.png>]

[12 <./README_files/figure-gfm/uksec_dist_age.png> <./README_files/figure-gfm/school1frac.png>]

[13 <./README_files/figure-gfm/school2frac.png> <./README_files/figure-gfm/hospfrac.png>]

[14 <./README_files/figure-gfm/conagefrac.png>]
<README_files/figure-gfm/smoothmobility.png, id=265, 485.4135pt x 416.2752pt>
File: README_files/figure-gfm/smoothmobility.png Graphic file (type png)
<use README_files/figure-gfm/smoothmobility.png>
Package pdftex.def Info: README_files/figure-gfm/smoothmobility.png  used on input line 684.
(pdftex.def)             Requested size: 234.87715pt x 201.42319pt.
<README_files/figure-gfm/mobilitydrop.png, id=266, 722.7pt x 416.2752pt>
File: README_files/figure-gfm/mobilitydrop.png Graphic file (type png)
<use README_files/figure-gfm/mobilitydrop.png>
Package pdftex.def Info: README_files/figure-gfm/mobilitydrop.png  used on input line 688.
(pdftex.def)             Requested size: 234.87471pt x 135.28783pt.


[15 <./README_files/figure-gfm/smoothmobility.png> <./README_files/figure-gfm/mobilitydrop.png>]
Underfull \hbox (badness 1571) in paragraph at lines 700--702
[]\T1/lmr/m/n/10 We want mo-bil-ity to ap-proach $\OML/lmm/m/it/10 p[]$ \T1/lmr/m/n/10 when the man-date and the epi out-come be-come large:
 []

<README_files/figure-gfm/mobilityfitted.png, id=274, 485.4135pt x 416.2752pt>
File: README_files/figure-gfm/mobilityfitted.png Graphic file (type png)
<use README_files/figure-gfm/mobilityfitted.png>
Package pdftex.def Info: README_files/figure-gfm/mobilityfitted.png  used on input line 713.
(pdftex.def)             Requested size: 234.87715pt x 201.42319pt.
<README_files/figure-gfm/mobilityposterior.png, id=275, 485.4135pt x 416.2752pt>
File: README_files/figure-gfm/mobilityposterior.png Graphic file (type png)
<use README_files/figure-gfm/mobilityposterior.png>
Package pdftex.def Info: README_files/figure-gfm/mobilityposterior.png  used on input line 717.
(pdftex.def)             Requested size: 234.87715pt x 201.42319pt.
<README_files/figure-gfm/mobilitycurves.png, id=276, 485.4135pt x 416.2752pt>
File: README_files/figure-gfm/mobilitycurves.png Graphic file (type png)
<use README_files/figure-gfm/mobilitycurves.png>
Package pdftex.def Info: README_files/figure-gfm/mobilitycurves.png  used on input line 721.
(pdftex.def)             Requested size: 234.87715pt x 201.42319pt.


[16 <./README_files/figure-gfm/mobilityfitted.png>]

[17 <./README_files/figure-gfm/mobilityposterior.png> <./README_files/figure-gfm/mobilitycurves.png>]
<README_files/figure-latex/pairs-1.pdf, id=297, 469.755pt x 505.89pt>
File: README_files/figure-latex/pairs-1.pdf Graphic file (type pdf)
<use README_files/figure-latex/pairs-1.pdf>
Package pdftex.def Info: README_files/figure-latex/pairs-1.pdf  used on input line 746.
(pdftex.def)             Requested size: 469.75386pt x 505.88875pt.


[18]

[19 <./README_files/figure-latex/pairs-1.pdf>]
<README_files/figure-latex/tourismhist-1.pdf, id=321, 650.43pt x 433.62pt>
File: README_files/figure-latex/tourismhist-1.pdf Graphic file (type pdf)
<use README_files/figure-latex/tourismhist-1.pdf>
Package pdftex.def Info: README_files/figure-latex/tourismhist-1.pdf  used on input line 777.
(pdftex.def)             Requested size: 234.87912pt x 156.58607pt.
<README_files/figure-latex/ytd-1.pdf, id=322, 289.08pt x 216.81pt>
File: README_files/figure-latex/ytd-1.pdf Graphic file (type pdf)
<use README_files/figure-latex/ytd-1.pdf>
Package pdftex.def Info: README_files/figure-latex/ytd-1.pdf  used on input line 786.
(pdftex.def)             Requested size: 289.09251pt x 216.81938pt.


[20 <./README_files/figure-latex/tourismhist-1.pdf>]
<figures/sectortourism.png, id=337, 433.62pt x 433.62pt>
File: figures/sectortourism.png Graphic file (type png)
<use figures/sectortourism.png>
Package pdftex.def Info: figures/sectortourism.png  used on input line 814.
(pdftex.def)             Requested size: 187.90198pt x 187.90198pt.


[21 <./README_files/figure-latex/ytd-1.pdf>]

[22 <./figures/sectortourism.png>]
<README_files/figure-latex/policies-1.pdf, id=366, 290.93492pt x 261.84424pt>
File: README_files/figure-latex/policies-1.pdf Graphic file (type pdf)
<use README_files/figure-latex/policies-1.pdf>
Package pdftex.def Info: README_files/figure-latex/policies-1.pdf  used on input line 857.
(pdftex.def)             Requested size: 234.88353pt x 211.39746pt.


[23]

[24 <./README_files/figure-latex/policies-1.pdf>] [25] [26] [27] [28] [29]
<README_files/figure-gfm/ratesbyage.jpeg, id=430, 1411.2725pt x 470.75874pt>
File: README_files/figure-gfm/ratesbyage.jpeg Graphic file (type jpg)
<use README_files/figure-gfm/ratesbyage.jpeg>
Package pdftex.def Info: README_files/figure-gfm/ratesbyage.jpeg  used on input line 1234.
(pdftex.def)             Requested size: 469.74828pt x 156.69412pt.


[30 <./README_files/figure-gfm/ratesbyage.jpeg>] [31]
<README_files/figure-latex/hmax-1.pdf, id=451, 469.755pt x 325.215pt>
File: README_files/figure-latex/hmax-1.pdf Graphic file (type pdf)
<use README_files/figure-latex/hmax-1.pdf>
Package pdftex.def Info: README_files/figure-latex/hmax-1.pdf  used on input line 1431.
(pdftex.def)             Requested size: 234.87692pt x 162.6071pt.
<README_files/figure-latex/labsh-1.pdf, id=453, 469.755pt x 325.215pt>
File: README_files/figure-latex/labsh-1.pdf Graphic file (type pdf)
<use README_files/figure-latex/labsh-1.pdf>
Package pdftex.def Info: README_files/figure-latex/labsh-1.pdf  used on input line 1441.
(pdftex.def)             Requested size: 234.87692pt x 162.6071pt.
<README_files/figure-latex/vaxrate-1.pdf, id=454, 469.755pt x 325.215pt>
File: README_files/figure-latex/vaxrate-1.pdf Graphic file (type pdf)
<use README_files/figure-latex/vaxrate-1.pdf>
Package pdftex.def Info: README_files/figure-latex/vaxrate-1.pdf  used on input line 1449.
(pdftex.def)             Requested size: 234.87692pt x 162.6071pt.


[32 <./README_files/figure-latex/hmax-1.pdf>]
<README_files/figure-gfm/vax_rate_MX.png, id=471, 504.9264pt x 505.4082pt>
File: README_files/figure-gfm/vax_rate_MX.png Graphic file (type png)
<use README_files/figure-gfm/vax_rate_MX.png>
Package pdftex.def Info: README_files/figure-gfm/vax_rate_MX.png  used on input line 1457.
(pdftex.def)             Requested size: 234.8731pt x 235.0972pt.
<README_files/figure-gfm/vaccinationrates.png, id=473, 722.7pt x 361.35pt>
File: README_files/figure-gfm/vaccinationrates.png Graphic file (type png)
<use README_files/figure-gfm/vaccinationrates.png>
Package pdftex.def Info: README_files/figure-gfm/vaccinationrates.png  used on input line 1465.
(pdftex.def)             Requested size: 375.80615pt x 187.90308pt.


[33 <./README_files/figure-latex/labsh-1.pdf> <./README_files/figure-latex/vaxrate-1.pdf>]

[34 <./README_files/figure-gfm/vax_rate_MX.png> <./README_files/figure-gfm/vaccinationrates.png>]

[35] [36] [37]

[38] [39]

[40] (./README.bbl

[41])

[42] (./README.aux)
 ***********
LaTeX2e <2024-11-01> patch level 1
L3 programming layer <2024-12-25>
 ***********

LaTeX Warning: There were multiply-defined labels.

 ) 
Here is how much of TeX's memory you used:
 15782 strings out of 475178
 255078 string characters out of 5766215
 730978 words of memory out of 5000000
 38344 multiletter control sequences out of 15000+600000
 622195 words of font info for 84 fonts, out of 8000000 for 9000
 14 hyphenation exceptions out of 8191
 89i,11n,93p,1139b,608s stack positions out of 10000i,1000n,20000p,200000b,200000s
</home/rj411/.TinyTeX/texmf-dist/fonts/type1/public/amsfonts/cm/cmmi10.pfb></home/rj411/.TinyTeX/texmf-dist/fonts/type1/public/amsfonts/cm/cmmi6.pfb></home/rj411/.TinyTeX/texmf-dist/fonts/type1/public/amsfonts/cm/cmmi7.pfb></home/rj411/.TinyTeX/texmf-dist/fonts/type1/public/amsfonts/cm/cmmi8.pfb></home/rj411/.TinyTeX/texmf-dist/fonts/type1/public/amsfonts/cm/cmr10.pfb></home/rj411/.TinyTeX/texmf-dist/fonts/type1/public/amsfonts/cm/cmr7.pfb></home/rj411/.TinyTeX/texmf-dist/fonts/type1/public/amsfonts/cm/cmr8.pfb></home/rj411/.TinyTeX/texmf-dist/fonts/type1/public/amsfonts/cm/cmsy8.pfb></home/rj411/.TinyTeX/texmf-dist/fonts/type1/public/lm/lmbx10.pfb></home/rj411/.TinyTeX/texmf-dist/fonts/type1/public/lm/lmbx12.pfb></home/rj411/.TinyTeX/texmf-dist/fonts/type1/public/lm/lmex10.pfb></home/rj411/.TinyTeX/texmf-dist/fonts/type1/public/lm/lmmi10.pfb></home/rj411/.TinyTeX/texmf-dist/fonts/type1/public/lm/lmmi5.pfb></home/rj411/.TinyTeX/texmf-dist/fonts/type1/public/lm/lmmi7.pfb></home/rj411/.TinyTeX/texmf-dist/fonts/type1/public/lm/lmr10.pfb></home/rj411/.TinyTeX/texmf-dist/fonts/type1/public/lm/lmr17.pfb></home/rj411/.TinyTeX/texmf-dist/fonts/type1/public/lm/lmr5.pfb></home/rj411/.TinyTeX/texmf-dist/fonts/type1/public/lm/lmr7.pfb></home/rj411/.TinyTeX/texmf-dist/fonts/type1/public/lm/lmri10.pfb></home/rj411/.TinyTeX/texmf-dist/fonts/type1/public/lm/lmsy10.pfb></home/rj411/.TinyTeX/texmf-dist/fonts/type1/public/lm/lmsy7.pfb></home/rj411/.TinyTeX/texmf-dist/fonts/type1/public/lm/lmtt10.pfb>
Output written on README.pdf (42 pages, 5592317 bytes).
PDF statistics:
 770 PDF objects out of 1000 (max. 8388607)
 625 compressed objects within 7 object streams
 153 named destinations out of 1000 (max. 500000)
 403 words of extra memory for PDF output out of 10000 (max. 10000000)

